#
# A fatal error has been detected by the Java Runtime Environment:
#
#  SIGSEGV (0xb) at pc=0x00007f6bdbcbf03b, pid=105910, tid=105941
#
# JRE version: OpenJDK Runtime Environment (11.0.21+9) (build 11.0.21+9-post-Ubuntu-0ubuntu122.04)
# Java VM: OpenJDK 64-Bit Server VM (11.0.21+9-post-Ubuntu-0ubuntu122.04, mixed mode, sharing, tiered, compressed oops, g1 gc, linux-amd64)
# Problematic frame:
# C  0x00007f6bdbcbf03b
#
# Core dump will be written. Default location: Core dumps may be processed with "/usr/share/apport/apport -p%p -s%s -c%c -d%d -P%P -u%u -g%g -- %E" (or dumping to /home/ergos/java2d3d/Project2/core.105910)
#
# If you would like to submit a bug report, please visit:
#   https://bugs.launchpad.net/ubuntu/+source/openjdk-lts
#

---------------  S U M M A R Y ------------

Command Line: src.App

Host: Intel(R) Core(TM) i7-8700 CPU @ 3.20GHz, 12 cores, 46G, Ubuntu 22.04.2 LTS
Time: Tue Jan  2 21:41:42 2024 JST elapsed time: 4.515481 seconds (0d 0h 0m 4s)

---------------  T H R E A D  ---------------

Current thread is native thread

Stack: [0x00007f6c34106000,0x00007f6c34206000],  sp=0x00007f6c34204d20,  free space=1019k
Native frames: (J=compiled Java code, A=aot compiled Java code, j=interpreted, Vv=VM code, C=native code)
C  0x00007f6bdbcbf03b


siginfo: si_signo: 11 (SIGSEGV), si_code: 1 (SEGV_MAPERR), si_addr: 0x00007f6bdbcbf03b

Register to memory mapping:

RAX=0x0 is NULL
RBX=
[error occurred during error reporting (printing register info), id 0xb, SIGSEGV (0xb) at pc=0x00007f6c7cc476cc]

Registers:
RAX=0x0000000000000000, RBX=0x00007f6c7483d560, RCX=0x0000000000000000, RDX=0x0000000000000000
RSP=0x00007f6c34204d20, RBP=0x00007f6c74838328, RSI=0x0000000000000081, RDI=0x00007f6c7d58ea48
R8 =0x00007f6c748cbd10, R9 =0x00007f6c748c82a0, R10=0x0000000000000000, R11=0x0000000000000246
R12=0x00007f6c748384f0, R13=0x00007f6c748384a0, R14=0x00007f6c74838440, R15=0x0000000000000000
RIP=0x00007f6bdbcbf03b, EFLAGS=0x0000000000010206, CSGSFS=0x002b000000000033, ERR=0x0000000000000014
  TRAPNO=0x000000000000000e

Top of Stack: (sp=0x00007f6c34204d20)
0x00007f6c34204d20:   00007f6c74838538 00007f6bdbc3593a
0x00007f6c34204d30:   00007f6c74838538 00007f6bdbc35852
0x00007f6c34204d40:   00007f6c74838328 00007f6bdbc35907
0x00007f6c34204d50:   00007f6c74838440 0000000000000000 

Instructions: (pc=0x00007f6bdbcbf03b)
0x00007f6bdbcbef3b:   ?? ?? ?? ?? ?? ?? ?? ?? ?? ?? ?? ?? ?? ?? ?? ??
0x00007f6bdbcbef4b:   ?? ?? ?? ?? ?? ?? ?? ?? ?? ?? ?? ?? ?? ?? ?? ??
0x00007f6bdbcbef5b:   ?? ?? ?? ?? ?? ?? ?? ?? ?? ?? ?? ?? ?? ?? ?? ??
0x00007f6bdbcbef6b:   ?? ?? ?? ?? ?? ?? ?? ?? ?? ?? ?? ?? ?? ?? ?? ??
0x00007f6bdbcbef7b:   ?? ?? ?? ?? ?? ?? ?? ?? ?? ?? ?? ?? ?? ?? ?? ??
0x00007f6bdbcbef8b:   ?? ?? ?? ?? ?? ?? ?? ?? ?? ?? ?? ?? ?? ?? ?? ??
0x00007f6bdbcbef9b:   ?? ?? ?? ?? ?? ?? ?? ?? ?? ?? ?? ?? ?? ?? ?? ??
0x00007f6bdbcbefab:   ?? ?? ?? ?? ?? ?? ?? ?? ?? ?? ?? ?? ?? ?? ?? ??
0x00007f6bdbcbefbb:   ?? ?? ?? ?? ?? ?? ?? ?? ?? ?? ?? ?? ?? ?? ?? ??
0x00007f6bdbcbefcb:   ?? ?? ?? ?? ?? ?? ?? ?? ?? ?? ?? ?? ?? ?? ?? ??
0x00007f6bdbcbefdb:   ?? ?? ?? ?? ?? ?? ?? ?? ?? ?? ?? ?? ?? ?? ?? ??
0x00007f6bdbcbefeb:   ?? ?? ?? ?? ?? ?? ?? ?? ?? ?? ?? ?? ?? ?? ?? ??
0x00007f6bdbcbeffb:   ?? ?? ?? ?? ?? ?? ?? ?? ?? ?? ?? ?? ?? ?? ?? ??
0x00007f6bdbcbf00b:   ?? ?? ?? ?? ?? ?? ?? ?? ?? ?? ?? ?? ?? ?? ?? ??
0x00007f6bdbcbf01b:   ?? ?? ?? ?? ?? ?? ?? ?? ?? ?? ?? ?? ?? ?? ?? ??
0x00007f6bdbcbf02b:   ?? ?? ?? ?? ?? ?? ?? ?? ?? ?? ?? ?? ?? ?? ?? ??
0x00007f6bdbcbf03b:   ?? ?? ?? ?? ?? ?? ?? ?? ?? ?? ?? ?? ?? ?? ?? ??
0x00007f6bdbcbf04b:   ?? ?? ?? ?? 