#
# A fatal error has been detected by the Java Runtime Environment:
#
#  SIGSEGV (0xb) at pc=0x00007fc2ff8bf03b, pid=149043, tid=149088
#
# JRE version: OpenJDK Runtime Environment (11.0.21+9) (build 11.0.21+9-post-Ubuntu-0ubuntu122.04)
# Java VM: OpenJDK 64-Bit Server VM (11.0.21+9-post-Ubuntu-0ubuntu122.04, mixed mode, sharing, tiered, compressed oops, g1 gc, linux-amd64)
# Problematic frame:
# C  0x00007fc2ff8bf03b
#
# Core dump will be written. Default location: Core dumps may be processed with "/usr/share/apport/apport -p%p -s%s -c%c -d%d -P%P -u%u -g%g -- %E" (or dumping to /home/ergos/java2d3d/Project2/core.149043)
#
# If you would like to submit a bug report, please visit:
#   https://bugs.launchpad.net/ubuntu/+source/openjdk-lts
#

---------------  S U M M A R Y ------------

Command Line: src.ViewerMain

Host: Intel(R) Core(TM) i7-8700 CPU @ 3.20GHz, 12 cores, 46G, Ubuntu 22.04.2 LTS
Time: Sun Jan 21 21:03:36 2024 JST elapsed time: 13.777385 seconds (0d 0h 0m 13s)

---------------  T H R E A D  ---------------

Current thread is native thread

Stack: [0x00007fc2ff6aa000,0x00007fc2ff7aa000],  sp=0x00007fc2ff7a8d20,  free space=1019k
Native frames: (J=compiled Java code, A=aot compiled Java code, j=interpreted, Vv=VM code, C=native code)
C  0x00007fc2ff8bf03b


siginfo: si_signo: 11 (SIGSEGV), si_code: 1 (SEGV_MAPERR), si_addr: 0x00007fc2ff8bf03b

Register to memory mapping:

RAX=0x0 is NULL
RBX=
[error occurred during error reporting (printing register info), id 0xb, SIGSEGV (0xb) at pc=0x00007fc3a04476cc]

Registers:
RAX=0x0000000000000000, RBX=0x00007fc3987d4550, RCX=0x0000000000000000, RDX=0x0000000000000000
RSP=0x00007fc2ff7a8d20, RBP=0x00007fc3987cf458, RSI=0x0000000000000000, RDI=0x00007fc3a0e8da48
R8 =0x00007fc398862c90, R9 =0x00007fc39885f0e0, R10=0x00007fc398d33b80, R11=0x63522c654320bd99
R12=0x00007fc3987cf620, R13=0x00007fc3987cf5d0, R14=0x00007fc3987cf570, R15=0x0000000000000000
RIP=0x00007fc2ff8bf03b, EFLAGS=0x0000000000010206, CSGSFS=0x002b000000000033, ERR=0x0000000000000014
  TRAPNO=0x000000000000000e

Top of Stack: (sp=0x00007fc2ff7a8d20)
0x00007fc2ff7a8d20:   00007fc3987cf668 00007fc2ff83593a
0x00007fc2ff7a8d30:   00007fc3987cf668 00007fc2ff835852
0x00007fc2ff7a8d40:   00007fc3987cf458 00007fc2ff835907
0x00007fc2ff7a8d50:   00007fc3987cf570 0000000000000000 

Instructions: (pc=0x00007fc2ff8bf03b)
0x00007fc2ff8bef3b:   ?? ?? ?? ?? ?? ?? ?? ?? ?? ?? ?? ?? ?? ?? ?? ??
0x00007fc2ff8bef4b:   ?? ?? ?? ?? ?? ?? ?? ?? ?? ?? ?? ?? ?? ?? ?? ??
0x00007fc2ff8bef5b:   ?? ?? ?? ?? ?? ?? ?? ?? ?? ?? ?? ?? ?? ?? ?? ??
0x00007fc2ff8bef6b:   ?? ?? ?? ?? ?? ?? ?? ?? ?? ?? ?? ?? ?? ?? ?? ??
0x00007fc2ff8bef7b:   ?? ?? ?? ?? ?? ?? ?? ?? ?? ?? ?? ?? ?? ?? ?? ??
0x00007fc2ff8bef8b:   ?? ?? ?? ?? ?? ?? ?? ?? ?? ?? ?? ?? ?? ?? ?? ??
0x00007fc2ff8bef9b:   ?? ?? ?? ?? ?? ?? ?? ?? ?? ?? ?? ?? ?? ?? ?? ??
0x00007fc2ff8befab:   ?? ?? ?? ?? ?? ?? ?? ?? ?? ?? ?? ?? ?? ?? ?? ??
0x00007fc2ff8befbb:   ?? ?? ?? ?? ?? ?? ?? ?? ?? ?? ?? ?? ?? ?? ?? ??
0x00007fc2ff8befcb:   ?? ?? ?? ?? ?? ?? ?? ?? ?? ?? ?? ?? ?? ?? ?? ??
0x00007fc2ff8befdb:   ?? ?? ?? ?? ?? ?? ?? ?? ?? ?? ?? ?? ?? ?? ?? ??
0x00007fc2ff8befeb:   ?? ?? ?? ?? ?? ?? ?? ?? ?? ?? ?? ?? ?? ?? ?? ??
0x00007fc2ff8beffb:   ?? ?? ?? ?? ?? ?? ?? ?? ?? ?? ?? ?? ?? ?? ?? ??
0x00007fc2ff8bf00b:   ?? ?? ?? ?? ?? ?? ?? ?? ?? ?? ?? ?? ?? ?? ?? ??
0x00007fc2ff8bf01b:   ?? ?? ?? ?? ?? ?? ?? ?? ?? ?? ?? ?? ?? ?? ?? ??
0x00007fc2ff8bf02b:   ?? ?? ?? ?? ?? ?? ?? ?? ?? ?? ?? ?? ?? ?? ?? ??
0x00007fc2ff8bf03b:   ?? ?? ?? ?? ?? ?? ?? ?? ?? ?? ?? ?? ?? ?? ?? ??
0x00007fc2ff8bf04b:   ?? ?? ?? ?? ?? ?? ?? ?? ?? ?? ?? ?? ?? ?? ?? ??
0x00007fc2ff8bf05b:   ?? ?? ?? ?? ?? ?? ?? ?? ?? ?? ?? ?? ?? ?? ?? ??
0x00007fc2ff8bf06b:   ?? ?? ?? ?? ?? ?? ?? ?? ?? ?? ?? ?? ?? ?? ?? ??
0x00007fc2ff8bf07b:   ?? ?? ?? ?? ?? ?? ?? ?? ?? ?? ?? ?? ?? ?? ?? ??
0x00007fc2ff8bf08b:   ?? ?? ?? ?? ?? ?? ?? ?? ?? ?? ?? ?? ?? ?? ?? ??
0x00007fc2ff8bf09b:   ?? ?? ?? ?? ?? ?? ?? ?? ?? ?? ?? ?? ?? ?? ?? ??
0x00007fc2ff8bf0ab:   ?? ?? ?? ?? ?? ?? ?? ?? ?? ?? ?? ?? ?? ?? ?? 