#
# A fatal error has been detected by the Java Runtime Environment:
#
#  SIGSEGV (0xb) at pc=0x00007ff25cabf03b, pid=265190, tid=265224
#
# JRE version: OpenJDK Runtime Environment (11.0.21+9) (build 11.0.21+9-post-Ubuntu-0ubuntu122.04)
# Java VM: OpenJDK 64-Bit Server VM (11.0.21+9-post-Ubuntu-0ubuntu122.04, mixed mode, sharing, tiered, compressed oops, g1 gc, linux-amd64)
# Problematic frame:
# C  0x00007ff25cabf03b
#
# Core dump will be written. Default location: Core dumps may be processed with "/usr/share/apport/apport -p%p -s%s -c%c -d%d -P%P -u%u -g%g -- %E" (or dumping to /home/ergos/java2d3d/Project2/core.265190)
#
# If you would like to submit a bug report, please visit:
#   https://bugs.launchpad.net/ubuntu/+source/openjdk-lts
#

---------------  S U M M A R Y ------------

Command Line: src.App

Host: Intel(R) Core(TM) i7-8700 CPU @ 3.20GHz, 12 cores, 46G, Ubuntu 22.04.2 LTS
Time: Thu Jan  4 01:20:11 2024 JST elapsed time: 16.924530 seconds (0d 0h 0m 16s)

---------------  T H R E A D  ---------------

Current thread is native thread

Stack: [0x00007ff25c900000,0x00007ff25ca00000],  sp=0x00007ff25c9fed20,  free space=1019k
Native frames: (J=compiled Java code, A=aot compiled Java code, j=interpreted, Vv=VM code, C=native code)
C  0x00007ff25cabf03b


siginfo: si_signo: 11 (SIGSEGV), si_code: 1 (SEGV_MAPERR), si_addr: 0x00007ff25cabf03b

Register to memory mapping:

RAX=0x0 is NULL
RBX=
[error occurred during error reporting (printing register info), id 0xb, SIGSEGV (0xb) at pc=0x00007ff2cd8476cc]

Registers:
RAX=0x0000000000000000, RBX=0x00007ff2c87efd70, RCX=0x0000000000000000, RDX=0x0000000000000000
RSP=0x00007ff25c9fed20, RBP=0x00007ff2c87eac58, RSI=0x0000000000000000, RDI=0x00007ff2ce147a48
R8 =0x00007ff2c887df20, R9 =0x00007ff2c887a420, R10=0x00007ff220678830, R11=0x46543c6eb97453c3
R12=0x00007ff2c87eae20, R13=0x00007ff2c87eadd0, R14=0x00007ff2c87ead70, R15=0x0000000000000000
RIP=0x00007ff25cabf03b, EFLAGS=0x0000000000010206, CSGSFS=0x002b000000000033, ERR=0x0000000000000014
  TRAPNO=0x000000000000000e

Top of Stack: (sp=0x00007ff25c9fed20)
0x00007ff25c9fed20:   00007ff2c87eae68 00007ff25ca3593a
0x00007ff25c9fed30:   00007ff2c87eae68 00007ff25ca35852
0x00007ff25c9fed40:   00007ff2c87eac58 00007ff25ca35907
0x00007ff25c9fed50:   00007ff2c87ead70 0000000000000000 

Instructions: (pc=0x00007ff25cabf03b)
0x00007ff25cabef3b:   ?? ?? ?? ?? ?? ?? ?? ?? ?? ?? ?? ?? ?? ?? ?? ??
0x00007ff25cabef4b:   ?? ?? ?? ?? ?? ?? ?? ?? ?? ?? ?? ?? ?? ?? ?? ??
0x00007ff25cabef5b:   ?? ?? ?? ?? ?? ?? ?? ?? ?? ?? ?? ?? ?? ?? ?? ??
0x00007ff25cabef6b:   ?? ?? ?? ?? ?? ?? ?? ?? ?? ?? ?? ?? ?? ?? ?? ??
0x00007ff25cabef7b:   ?? ?? ?? ?? ?? ?? ?? ?? ?? ?? ?? ?? ?? ?? ?? ??
0x00007ff25cabef8b:   ?? ?? ?? ?? ?? ?? ?? ?? ?? ?? ?? ?? ?? ?? ?? ??
0x00007ff25cabef9b:   ?? ?? ?? ?? ?? ?? ?? ?? ?? ?? ?? ?? ?? ?? ?? ??
0x00007ff25cabefab:   ?? ?? ?? ?? ?? ?? ?? ?? ?? ?? ?? ?? ?? ?? ?? ??
0x00007ff25cabefbb:   ?? ?? ?? ?? ?? ?? ?? ?? ?? ?? ?? ?? ?? ?? ?? ??
0x00007ff25cabefcb:   ?? ?? ?? ?? ?? ?? ?? ?? ?? ?? ?? ?? ?? ?? ?? ??
0x00007ff25cabefdb:   ?? ?? ?? ?? ?? ?? ?? ?? ?? ?? ?? ?? ?? ?? ?? ??
0x00007ff25cabefeb:   ?? ?? ?? ?? ?? ?? ?? ?? ?? ?? ?? ?? ?? ?? ?? ??
0x00007ff25cabeffb:   ?? ?? ?? ?? ?? ?? ?? ?? ?? ?? ?? ?? ?? ?? ?? ??
0x00007ff25cabf00b:   ?? ?? ?? ?? ?? ?? ?? ?? ?? ?? ?? ?? ?? ?? ?? ??
0x00007ff25cabf01b:   ?? ?? ?? ?? ?? ?? ?? ?? ?? ?? ?? ?? ?? ?? ?? ??
0x00007ff25cabf02b:   ?? ?? ?? ?? ?? ?? ?? ?? ?? ?? ?? ?? ?? ?? ?? ??
0x00007ff25cabf03b:   ?? ?? ?? ?? ?? ?? ?? ?? ?? ?? ?? ?? ?? ?? ?? ??
0x00007ff25cabf04b:   ?? ?? ?? ?? ?? ?? ?? ?? ?? ?? ?? ?? ?? ?? ?? ??
0x00007ff25cabf05b:   ?? ?? ?? ?? ?? ?? ?? ?? ?? ?? ?? ?? ?? ?? ?? ??
0x00007ff25cabf06b:   ?? ?? ?? ?? ?? ?? ?? ?? ?? ?? ?? ?? ?? ?? ?? ??
0x00007ff25cabf07b:   ?? ?? ?? ?? ?? ?? ?? ?? ?? ?? ?? ?? ?? ?? ?? ??
0x00007ff25cabf08b:   ?? ?? ?? ?? ?? ?? ?? ?? ?? ?? ?? ?? ?? ?? ?? ??
0x00007ff25cabf09b:   ?? ?? ?? ?? ?? ?? ?? ?? ?? ?? ?? ?? ?? ?? ?? ??
0x00007ff25cabf0ab:   ?? ?? ?? ?? ?? ?? ?? ?? ?? ?? ?? ?? ?? ?? ?? ??
0x00007ff25cabf0bb:   ?? ?? ?? ?? ?? ?? ?? ?? ?? ?? ?? ?? ?? ?? ?? ??
0x00007ff25cabf0cb:   ?? ?? ?? ?? ?? ?? ?? ?? ?? ?? ?? ?? ?? ?? ?? ??
0x00007ff25cabf0db:   ?? ?? ?? ?? ?? ?? ?? ?? ?? ?? ?? ?? ?? ?? ?? ??
0x00007ff25cabf0eb:   ?? ?? ?? ?? ?? ?? ?? ?? ?? ?? ?? ?? ?? ?? ?? ??
0x00007ff25cabf0fb:   ?? ?? ?? ?? ?? ?? ?? ?? ?? ?? ?? ?? ?? ?? ?? ??
0x00007ff25cabf10b:   ?? ?? ?? ?? ?? ?? ?? ?? ?? ?? ?? ?? ?? ?? ?? ??
0x00007ff25cabf11b:   ?? ?? ?? ?? ?? ?? ?? ?? ?? ?? ?? ?? ?? ?? ?? ??
0x00007ff25cabf12b:   ?? ?? ?? ?? ?? ?? ?? ?? ?? ?? ?? ?? ?? ?? ?? ?? 


Stack slot to memory mapping:
stack at sp + 0 slots: 
[error occurred during error reporting (inspecting top of stack), id 0xb, SIGSEGV (0xb) at pc=0x00007ff2cd8476cc]


---------------  P R O C E S S  ---------------

VM state:at safepoint (shutting down)

VM Mutex/Monitor currently owned by a thread:  ([mutex/lock_event])
[0x00007ff2c80133b0] Threads_lock - owner thread: 0x00007ff2c8322000

Heap address: 0x0000000510a00000, size: 12022 MB, Compressed Oops mode: Zero based, Oop shift amount: 3
Narrow klass base: 0x0000000800000000, Narrow klass shift: 3
Compressed class space size: 1073741824 Address: 0x0000000840000000

Heap:
 garbage-first heap   total 774144K, used 34460K [0x0000000510a00000, 0x0000000800000000)
  region size 2048K, 18 young (36864K), 3 survivors (6144K)
 Metaspace       used 20182K, capacity 20652K, committed 21120K, reserved 1069056K
  class space    used 1670K, capacity 1898K, committed 1920K, reserved 1048576K
Heap Regions: E=young(eden), S=young(survivor), O=old, HS=humongous(starts), HC=humongous(continues), CS=collection set, F=free, A=archive, TAMS=top-at-mark-start (previous, next)
|   0|0x0000000510a00000, 0x0000000510a00000, 0x0000000510c00000|  0%| F|  |TAMS 0x0000000510a00000, 0x0000000510a00000| Untracked 
|   1|0x0000000510c00000, 0x0000000510c00000, 0x0000000510e00000|  0%| F|  |TAMS 0x0000000510c00000, 0x0000000510c00000| Untracked 
|   2|0x0000000510e00000, 0x0000000510e00000, 0x0000000511000000|  0%| F|  |TAMS 0x0000000510e00000, 0x0000000510e00000| Untracked 
|   3|0x0000000511000000, 0x0000000511000000, 0x0000000511200000|  0%| F|  |TAMS 0x0000000511000000, 0x0000000511000000| Untracked 
|   4|0x0000000511200000, 0x0000000511200000, 0x0000000511400000|  0%| F|  |TAMS 0x0000000511200000, 0x0000000511200000| Untracked 
|   5|0x0000000511400000, 0x0000000511400000, 0x0000000511600000|  0%| F|  |TAMS 0x0000000511400000, 0x0000000511400000| Untracked 
|   6|0x0000000511600000, 0x0000000511600000, 0x0000000511800000|  0%| F|  |TAMS 0x0000000511600000, 0x0000000511600000| Untracked 
|   7|0x0000000511800000, 0x0000000511800000, 0x0000000511a00000|  0%| F|  |TAMS 0x0000000511800000, 0x0000000511800000| Untracked 
|   8|0x0000000511a00000, 0x0000000511a00000, 0x0000000511c00000|  0%| F|  |TAMS 0x0000000511a00000, 0x0000000511a00000| Untracked 
|   9|0x0000000511c00000, 0x0000000511c00000, 0x0000000511e00000|  0%| F|  |TAMS 0x0000000511c00000, 0x0000000511c00000| Untracked 
|  10|0x0000000511e00000, 0x0000000511e00000, 0x0000000512000000|  0%| F|  |TAMS 0x0000000511e00000, 0x0000000511e00000| Untracked 
|  11|0x0000000512000000, 0x0000000512000000, 0x0000000512200000|  0%| F|  |TAMS 0x0000000512000000, 0x0000000512000000| Untracked 
|  12|0x0000000512200000, 0x0000000512200000, 0x0000000512400000|  0%| F|  |TAMS 0x0000000512200000, 0x0000000512200000| Untracked 
|  13|0x0000000512400000, 0x0000000512400000, 0x0000000512600000|  0%| F|  |TAMS 0x0000000512400000, 0x0000000512400000| Untracked 
|  14|0x0000000512600000, 0x0000000512600000, 0x0000000512800000|  0%| F|  |TAMS 0x0000000512600000, 0x0000000512600000| Untracked 
|  15|0x0000000512800000, 0x0000000512800000, 0x0000000512a00000|  0%| F|  |TAMS 0x0000000512800000, 0x0000000512800000| Untracked 
|  16|0x0000000512a00000, 0x0000000512a00000, 0x0000000512c00000|  0%| F|  |TAMS 0x0000000512a00000, 0x0000000512a00000| Untracked 
|  17|0x0000000512c00000, 0x0000000512c00000, 0x0000000512e00000|  0%| F|  |TAMS 0x0000000512c00000, 0x0000000512c00000| Untracked 
|  18|0x0000000512e00000, 0x0000000512e00000, 0x0000000513000000|  0%| F|  |TAMS 0x0000000512e00000, 0x0000000512e00000| Untracked 
|  19|0x0000000513000000, 0x0000000513000000, 0x0000000513200000|  0%| F|  |TAMS 0x0000000513000000, 0x0000000513000000| Untracked 
|  20|0x0000000513200000, 0x0000000513200000, 0x0000000513400000|  0%| F|  |TAMS 0x0000000513200000, 0x0000000513200000| Untracked 
|  21|0x0000000513400000, 0x0000000513400000, 0x0000000513600000|  0%| F|  |TAMS 0x0000000513400000, 0x0000000513400000| Untracked 
|  22|0x0000000513600000, 0x0000000513600000, 0x0000000513800000|  0%| F|  |TAMS 0x0000000513600000, 0x0000000513600000| Untracked 
|  23|0x0000000513800000, 0x0000000513800000, 0x0000000513a00000|  0%| F|  |TAMS 0x0000000513800000, 0x0000000513800000| Untracked 
|  24|0x0000000513a00000, 0x0000000513a00000, 0x0000000513c00000|  0%| F|  |TAMS 0x0000000513a00000, 0x0000000513a00000| Untracked 
|  25|0x0000000513c00000, 0x0000000513c00000, 0x0000000513e00000|  0%| F|  |TAMS 0x0000000513c00000, 0x0000000513c00000| Untracked 
|  26|0x0000000513e00000, 0x0000000513e00000, 0x0000000514000000|  0%| F|  |TAMS 0x0000000513e00000, 0x0000000513e00000| Untracked 
|  27|0x0000000514000000, 0x0000000514000000, 0x0000000514200000|  0%| F|  |TAMS 0x0000000514000000, 0x0000000514000000| Untracked 
|  28|0x0000000514200000, 0x0000000514200000, 0x0000000514400000|  0%| F|  |TAMS 0x0000000514200000, 0x0000000514200000| Untracked 
|  29|0x0000000514400000, 0x0000000514400000, 0x0000000514600000|  0%| F|  |TAMS 0x0000000514400000, 0x0000000514400000| Untracked 
|  30|0x0000000514600000, 0x0000000514600000, 0x0000000514800000|  0%| F|  |TAMS 0x0000000514600000, 0x0000000514600000| Untracked 
|  31|0x0000000514800000, 0x0000000514800000, 0x0000000514a00000|  0%| F|  |TAMS 0x0000000514800000, 0x0000000514800000| Untracked 
|  32|0x0000000514a00000, 0x0000000514a00000, 0x0000000514c00000|  0%| F|  |TAMS 0x0000000514a00000, 0x0000000514a00000| Untracked 
|  33|0x0000000514c00000, 0x0000000514c00000, 0x0000000514e00000|  0%| F|  |TAMS 0x0000000514c00000, 0x0000000514c00000| Untracked 
|  34|0x0000000514e00000, 0x0000000514e00000, 0x0000000515000000|  0%| F|  |TAMS 0x0000000514e00000, 0x0000000514e00000| Untracked 
|  35|0x0000000515000000, 0x0000000515000000, 0x0000000515200000|  0%| F|  |TAMS 0x0000000515000000, 0x0000000515000000| Untracked 
|  36|0x0000000515200000, 0x0000000515200000, 0x0000000515400000|  0%| F|  |TAMS 0x0000000515200000, 0x0000000515200000| Untracked 
|  37|0x0000000515400000, 0x0000000515400000, 0x0000000515600000|  0%| F|  |TAMS 0x0000000515400000, 0x0000000515400000| Untracked 
|  38|0x0000000515600000, 0x0000000515600000, 0x0000000515800000|  0%| F|  |TAMS 0x0000000515600000, 0x0000000515600000| Untracked 
|  39|0x0000000515800000, 0x0000000515800000, 0x0000000515a00000|  0%| F|  |TAMS 0x0000000515800000, 0x0000000515800000| Untracked 
|  40|0x0000000515a00000, 0x0000000515a00000, 0x0000000515c00000|  0%| F|  |TAMS 0x0000000515a00000, 0x0000000515a00000| Untracked 
|  41|0x0000000515c00000, 0x0000000515c00000, 0x0000000515e00000|  0%| F|  |TAMS 0x0000000515c00000, 0x0000000515c00000| Untracked 
|  42|0x0000000515e00000, 0x0000000515e00000, 0x0000000516000000|  0%| F|  |TAMS 0x0000000515e00000, 0x0000000515e00000| Untracked 
|  43|0x0000000516000000, 0x0000000516000000, 0x0000000516200000|  0%| F|  |TAMS 0x0000000516000000, 0x0000000516000000| Untracked 
|  44|0x0000000516200000, 0x0000000516200000, 0x0000000516400000|  0%| F|  |TAMS 0x0000000516200000, 0x0000000516200000| Untracked 
|  45|0x0000000516400000, 0x0000000516400000, 0x0000000516600000|  0%| F|  |TAMS 0x0000000516400000, 0x0000000516400000| Untracked 
|  46|0x0000000516600000, 0x0000000516600000, 0x0000000516800000|  0%| F|  |TAMS 0x0000000516600000, 0x0000000516600000| Untracked 
|  47|0x0000000516800000, 0x0000000516800000, 0x0000000516a00000|  0%| F|  |TAMS 0x0000000516800000, 0x0000000516800000| Untracked 
|  48|0x0000000516a00000, 0x0000000516a00000, 0x0000000516c00000|  0%| F|  |TAMS 0x0000000516a00000, 0x0000000516a00000| Untracked 
|  49|0x0000000516c00000, 0x0000000516c00000, 0x0000000516e00000|  0%| F|  |TAMS 0x0000000516c00000, 0x0000000516c00000| Untracked 
|  50|0x0000000516e00000, 0x0000000516e00000, 0x0000000517000000|  0%| F|  |TAMS 0x0000000516e00000, 0x0000000516e00000| Untracked 
|  51|0x0000000517000000, 0x0000000517000000, 0x0000000517200000|  0%| F|  |TAMS 0x0000000517000000, 0x0000000517000000| Untracked 
|  52|0x0000000517200000, 0x0000000517200000, 0x0000000517400000|  0%| F|  |TAMS 0x0000000517200000, 0x0000000517200000| Untracked 
|  53|0x0000000517400000, 0x0000000517400000, 0x0000000517600000|  0%| F|  |TAMS 0x0000000517400000, 0x0000000517400000| Untracked 
|  54|0x0000000517600000, 0x0000000517600000, 0x0000000517800000|  0%| F|  |TAMS 0x0000000517600000, 0x0000000517600000| Untracked 
|  55|0x0000000517800000, 0x0000000517800000, 0x0000000517a00000|  0%| F|  |TAMS 0x0000000517800000, 0x0000000517800000| Untracked 
|  56|0x0000000517a00000, 0x0000000517a00000, 0x0000000517c00000|  0%| F|  |TAMS 0x0000000517a00000, 0x0000000517a00000| Untracked 
|  57|0x0000000517c00000, 0x0000000517c00000, 0x0000000517e00000|  0%| F|  |TAMS 0x0000000517c00000, 0x0000000517c00000| Untracked 
|  58|0x0000000517e00000, 0x0000000517e00000, 0x0000000518000000|  0%| F|  |TAMS 0x0000000517e00000, 0x0000000517e00000| Untracked 
|  59|0x0000000518000000, 0x0000000518000000, 0x0000000518200000|  0%| F|  |TAMS 0x0000000518000000, 0x0000000518000000| Untracked 
|  60|0x0000000518200000, 0x0000000518200000, 0x0000000518400000|  0%| F|  |TAMS 0x0000000518200000, 0x0000000518200000| Untracked 
|  61|0x0000000518400000, 0x0000000518400000, 0x0000000518600000|  0%| F|  |TAMS 0x0000000518400000, 0x0000000518400000| Untracked 
|  62|0x0000000518600000, 0x0000000518600000, 0x0000000518800000|  0%| F|  |TAMS 0x0000000518600000, 0x0000000518600000| Untracked 
|  63|0x0000000518800000, 0x0000000518800000, 0x0000000518a00000|  0%| F|  |TAMS 0x0000000518800000, 0x0000000518800000| Untracked 
|  64|0x0000000518a00000, 0x0000000518a00000, 0x0000000518c00000|  0%| F|  |TAMS 0x0000000518a00000, 0x0000000518a00000| Untracked 
|  65|0x0000000518c00000, 0x0000000518c00000, 0x0000000518e00000|  0%| F|  |TAMS 0x0000000518c00000, 0x0000000518c00000| Untracked 
|  66|0x0000000518e00000, 0x0000000518e00000, 0x0000000519000000|  0%| F|  |TAMS 0x0000000518e00000, 0x0000000518e00000| Untracked 
|  67|0x0000000519000000, 0x0000000519000000, 0x0000000519200000|  0%| F|  |TAMS 0x0000000519000000, 0x0000000519000000| Untracked 
|  68|0x0000000519200000, 0x0000000519200000, 0x0000000519400000|  0%| F|  |TAMS 0x0000000519200000, 0x0000000519200000| Untracked 
|  69|0x0000000519400000, 0x0000000519400000, 0x0000000519600000|  0%| F|  |TAMS 0x0000000519400000, 0x0000000519400000| Untracked 
|  70|0x0000000519600000, 0x0000000519600000, 0x0000000519800000|  0%| F|  |TAMS 0x0000000519600000, 0x0000000519600000| Untracked 
|  71|0x0000000519800000, 0x0000000519800000, 0x0000000519a00000|  0%| F|  |TAMS 0x0000000519800000, 0x0000000519800000| Untracked 
|  72|0x0000000519a00000, 0x0000000519a00000, 0x0000000519c00000|  0%| F|  |TAMS 0x0000000519a00000, 0x0000000519a00000| Untracked 
|  73|0x0000000519c00000, 0x0000000519c00000, 0x0000000519e00000|  0%| F|  |TAMS 0x0000000519c00000, 0x0000000519c00000| Untracked 
|  74|0x0000000519e00000, 0x0000000519e00000, 0x000000051a000000|  0%| F|  |TAMS 0x0000000519e00000, 0x0000000519e00000| Untracked 
|  75|0x000000051a000000, 0x000000051a000000, 0x000000051a200000|  0%| F|  |TAMS 0x000000051a000000, 0x000000051a000000| Untracked 
|  76|0x000000051a200000, 0x000000051a200000, 0x000000051a400000|  0%| F|  |TAMS 0x000000051a200000, 0x000000051a200000| Untracked 
|  77|0x000000051a400000, 0x000000051a400000, 0x000000051a600000|  0%| F|  |TAMS 0x000000051a400000, 0x000000051a400000| Untracked 
|  78|0x000000051a600000, 0x000000051a600000, 0x000000051a800000|  0%| F|  |TAMS 0x000000051a600000, 0x000000051a600000| Untracked 
|  79|0x000000051a800000, 0x000000051a800000, 0x000000051aa00000|  0%| F|  |TAMS 0x000000051a800000, 0x000000051a800000| Untracked 
|  80|0x000000051aa00000, 0x000000051aa00000, 0x000000051ac00000|  0%| F|  |TAMS 0x000000051aa00000, 0x000000051aa00000| Untracked 
|  81|0x000000051ac00000, 0x000000051ac00000, 0x000000051ae00000|  0%| F|  |TAMS 0x000000051ac00000, 0x000000051ac00000| Untracked 
|  82|0x000000051ae00000, 0x000000051ae00000, 0x000000051b000000|  0%| F|  |TAMS 0x000000051ae00000, 0x000000051ae00000| Untracked 
|  83|0x000000051b000000, 0x000000051b000000, 0x000000051b200000|  0%| F|  |TAMS 0x000000051b000000, 0x000000051b000000| Untracked 
|  84|0x000000051b200000, 0x000000051b200000, 0x000000051b400000|  0%| F|  |TAMS 0x000000051b200000, 0x000000051b200000| Untracked 
|  85|0x000000051b400000, 0x000000051b400000, 0x000000051b600000|  0%| F|  |TAMS 0x000000051b400000, 0x000000051b400000| Untracked 
|  86|0x000000051b600000, 0x000000051b600000, 0x000000051b800000|  0%| F|  |TAMS 0x000000051b600000, 0x000000051b600000| Untracked 
|  87|0x000000051b800000, 0x000000051b800000, 0x000000051ba00000|  0%| F|  |TAMS 0x000000051b800000, 0x000000051b800000| Untracked 
|  88|0x000000051ba00000, 0x000000051ba00000, 0x000000051bc00000|  0%| F|  |TAMS 0x000000051ba00000, 0x000000051ba00000| Untracked 
|  89|0x000000051bc00000, 0x000000051bc00000, 0x000000051be00000|  0%| F|  |TAMS 0x000000051bc00000, 0x000000051bc00000| Untracked 
|  90|0x000000051be00000, 0x000000051be00000, 0x000000051c000000|  0%| F|  |TAMS 0x000000051be00000, 0x000000051be00000| Untracked 
|  91|0x000000051c000000, 0x000000051c000000, 0x000000051c200000|  0%| F|  |TAMS 0x000000051c000000, 0x000000051c000000| Untracked 
|  92|0x000000051c200000, 0x000000051c200000, 0x000000051c400000|  0%| F|  |TAMS 0x000000051c200000, 0x000000051c200000| Untracked 
|  93|0x000000051c400000, 0x000000051c400000, 0x000000051c600000|  0%| F|  |TAMS 0x000000051c400000, 0x000000051c400000| Untracked 
|  94|0x000000051c600000, 0x000000051c600000, 0x000000051c800000|  0%| F|  |TAMS 0x000000051c600000, 0x000000051c600000| Untracked 
|  95|0x000000051c800000, 0x000000051c800000, 0x000000051ca00000|  0%| F|  |TAMS 0x000000051c800000, 0x000000051c800000| Untracked 
|  96|0x000000051ca00000, 0x000000051ca00000, 0x000000051cc00000|  0%| F|  |TAMS 0x000000051ca00000, 0x000000051ca00000| Untracked 
|  97|0x000000051cc00000, 0x000000051cc00000, 0x000000051ce00000|  0%| F|  |TAMS 0x000000051cc00000, 0x000000051cc00000| Untracked 
|  98|0x000000051ce00000, 0x000000051ce00000, 0x000000051d000000|  0%| F|  |TAMS 0x000000051ce00000, 0x000000051ce00000| Untracked 
|  99|0x000000051d000000, 0x000000051d000000, 0x000000051d200000|  0%| F|  |TAMS 0x000000051d000000, 0x000000051d000000| Untracked 
| 100|0x000000051d200000, 0x000000051d200000, 0x000000051d400000|  0%| F|  |TAMS 0x000000051d200000, 0x000000051d200000| Untracked 
| 101|0x000000051d400000, 0x000000051d400000, 0x000000051d600000|  0%| F|  |TAMS 0x000000051d400000, 0x000000051d400000| Untracked 
| 102|0x000000051d600000, 0x000000051d600000, 0x000000051d800000|  0%| F|  |TAMS 0x000000051d600000, 0x000000051d600000| Untracked 
| 103|0x000000051d800000, 0x000000051d800000, 0x000000051da00000|  0%| F|  |TAMS 0x000000051d800000, 0x000000051d800000| Untracked 
| 104|0x000000051da00000, 0x000000051da00000, 0x000000051dc00000|  0%| F|  |TAMS 0x000000051da00000, 0x000000051da00000| Untracked 
| 105|0x000000051dc00000, 0x000000051dc00000, 0x000000051de00000|  0%| F|  |TAMS 0x000000051dc00000, 0x000000051dc00000| Untracked 
| 106|0x000000051de00000, 0x000000051de00000, 0x000000051e000000|  0%| F|  |TAMS 0x000000051de00000, 0x000000051de00000| Untracked 
| 107|0x000000051e000000, 0x000000051e000000, 0x000000051e200000|  0%| F|  |TAMS 0x000000051e000000, 0x000000051e000000| Untracked 
| 108|0x000000051e200000, 0x000000051e200000, 0x000000051e400000|  0%| F|  |TAMS 0x000000051e200000, 0x000000051e200000| Untracked 
| 109|0x000000051e400000, 0x000000051e400000, 0x000000051e600000|  0%| F|  |TAMS 0x000000051e400000, 0x000000051e400000| Untracked 
| 110|0x000000051e600000, 0x000000051e600000, 0x000000051e800000|  0%| F|  |TAMS 0x000000051e600000, 0x000000051e600000| Untracked 
| 111|0x000000051e800000, 0x000000051e800000, 0x000000051ea00000|  0%| F|  |TAMS 0x000000051e800000, 0x000000051e800000| Untracked 
| 112|0x000000051ea00000, 0x000000051ea00000, 0x000000051ec00000|  0%| F|  |TAMS 0x000000051ea00000, 0x000000051ea00000| Untracked 
| 113|0x000000051ec00000, 0x000000051ec00000, 0x000000051ee00000|  0%| F|  |TAMS 0x000000051ec00000, 0x000000051ec00000| Untracked 
| 114|0x000000051ee00000, 0x000000051ee00000, 0x000000051f000000|  0%| F|  |TAMS 0x000000051ee00000, 0x000000051ee00000| Untracked 
| 115|0x000000051f000000, 0x000000051f000000, 0x000000051f200000|  0%| F|  |TAMS 0x000000051f000000, 0x000000051f000000| Untracked 
| 116|0x000000051f200000, 0x000000051f200000, 0x000000051f400000|  0%| F|  |TAMS 0x000000051f200000, 0x000000051f200000| Untracked 
| 117|0x000000051f400000, 0x000000051f400000, 0x000000051f600000|  0%| F|  |TAMS 0x000000051f400000, 0x000000051f400000| Untracked 
| 118|0x000000051f600000, 0x000000051f600000, 0x000000051f800000|  0%| F|  |TAMS 0x000000051f600000, 0x000000051f600000| Untracked 
| 119|0x000000051f800000, 0x000000051f800000, 0x000000051fa00000|  0%| F|  |TAMS 0x000000051f800000, 0x000000051f800000| Untracked 
| 120|0x000000051fa00000, 0x000000051fa00000, 0x000000051fc00000|  0%| F|  |TAMS 0x000000051fa00000, 0x000000051fa00000| Untracked 
| 121|0x000000051fc00000, 0x000000051fc00000, 0x000000051fe00000|  0%| F|  |TAMS 0x000000051fc00000, 0x000000051fc00000| Untracked 
| 122|0x000000051fe00000, 0x000000051fe00000, 0x0000000520000000|  0%| F|  |TAMS 0x000000051fe00000, 0x000000051fe00000| Untracked 
| 123|0x0000000520000000, 0x0000000520000000, 0x0000000520200000|  0%| F|  |TAMS 0x0000000520000000, 0x0000000520000000| Untracked 
| 124|0x0000000520200000, 0x0000000520200000, 0x0000000520400000|  0%| F|  |TAMS 0x0000000520200000, 0x0000000520200000| Untracked 
| 125|0x0000000520400000, 0x0000000520400000, 0x0000000520600000|  0%| F|  |TAMS 0x0000000520400000, 0x0000000520400000| Untracked 
| 126|0x0000000520600000, 0x0000000520600000, 0x0000000520800000|  0%| F|  |TAMS 0x0000000520600000, 0x0000000520600000| Untracked 
| 127|0x0000000520800000, 0x0000000520800000, 0x0000000520a00000|  0%| F|  |TAMS 0x0000000520800000, 0x0000000520800000| Untracked 
| 128|0x0000000520a00000, 0x0000000520a00000, 0x0000000520c00000|  0%| F|  |TAMS 0x0000000520a00000, 0x0000000520a00000| Untracked 
| 129|0x0000000520c00000, 0x0000000520c00000, 0x0000000520e00000|  0%| F|  |TAMS 0x0000000520c00000, 0x0000000520c00000| Untracked 
| 130|0x0000000520e00000, 0x0000000520e00000, 0x0000000521000000|  0%| F|  |TAMS 0x0000000520e00000, 0x0000000520e00000| Untracked 
| 131|0x0000000521000000, 0x0000000521000000, 0x0000000521200000|  0%| F|  |TAMS 0x0000000521000000, 0x0000000521000000| Untracked 
| 132|0x0000000521200000, 0x0000000521200000, 0x0000000521400000|  0%| F|  |TAMS 0x0000000521200000, 0x0000000521200000| Untracked 
| 133|0x0000000521400000, 0x0000000521400000, 0x0000000521600000|  0%| F|  |TAMS 0x0000000521400000, 0x0000000521400000| Untracked 
| 134|0x0000000521600000, 0x0000000521600000, 0x0000000521800000|  0%| F|  |TAMS 0x0000000521600000, 0x0000000521600000| Untracked 
| 135|0x0000000521800000, 0x0000000521800000, 0x0000000521a00000|  0%| F|  |TAMS 0x0000000521800000, 0x0000000521800000| Untracked 
| 136|0x0000000521a00000, 0x0000000521a00000, 0x0000000521c00000|  0%| F|  |TAMS 0x0000000521a00000, 0x0000000521a00000| Untracked 
| 137|0x0000000521c00000, 0x0000000521c00000, 0x0000000521e00000|  0%| F|  |TAMS 0x0000000521c00000, 0x0000000521c00000| Untracked 
| 138|0x0000000521e00000, 0x0000000521e00000, 0x0000000522000000|  0%| F|  |TAMS 0x0000000521e00000, 0x0000000521e00000| Untracked 
| 139|0x0000000522000000, 0x0000000522000000, 0x0000000522200000|  0%| F|  |TAMS 0x0000000522000000, 0x0000000522000000| Untracked 
| 140|0x0000000522200000, 0x0000000522200000, 0x0000000522400000|  0%| F|  |TAMS 0x0000000522200000, 0x0000000522200000| Untracked 
| 141|0x0000000522400000, 0x0000000522400000, 0x0000000522600000|  0%| F|  |TAMS 0x0000000522400000, 0x0000000522400000| Untracked 
| 142|0x0000000522600000, 0x0000000522600000, 0x0000000522800000|  0%| F|  |TAMS 0x0000000522600000, 0x0000000522600000| Untracked 
| 143|0x0000000522800000, 0x0000000522800000, 0x0000000522a00000|  0%| F|  |TAMS 0x0000000522800000, 0x0000000522800000| Untracked 
| 144|0x0000000522a00000, 0x0000000522a00000, 0x0000000522c00000|  0%| F|  |TAMS 0x0000000522a00000, 0x0000000522a00000| Untracked 
| 145|0x0000000522c00000, 0x0000000522c00000, 0x0000000522e00000|  0%| F|  |TAMS 0x0000000522c00000, 0x0000000522c00000| Untracked 
| 146|0x0000000522e00000, 0x0000000522e00000, 0x0000000523000000|  0%| F|  |TAMS 0x0000000522e00000, 0x0000000522e00000| Untracked 
| 147|0x0000000523000000, 0x0000000523000000, 0x0000000523200000|  0%| F|  |TAMS 0x0000000523000000, 0x0000000523000000| Untracked 
| 148|0x0000000523200000, 0x0000000523200000, 0x0000000523400000|  0%| F|  |TAMS 0x0000000523200000, 0x0000000523200000| Untracked 
| 149|0x0000000523400000, 0x0000000523400000, 0x0000000523600000|  0%| F|  |TAMS 0x0000000523400000, 0x0000000523400000| Untracked 
| 150|0x0000000523600000, 0x0000000523600000, 0x0000000523800000|  0%| F|  |TAMS 0x0000000523600000, 0x0000000523600000| Untracked 
| 151|0x0000000523800000, 0x0000000523800000, 0x0000000523a00000|  0%| F|  |TAMS 0x0000000523800000, 0x0000000523800000| Untracked 
| 152|0x0000000523a00000, 0x0000000523a00000, 0x0000000523c00000|  0%| F|  |TAMS 0x0000000523a00000, 0x0000000523a00000| Untracked 
| 153|0x0000000523c00000, 0x0000000523c00000, 0x0000000523e00000|  0%| F|  |TAMS 0x0000000523c00000, 0x0000000523c00000| Untracked 
| 154|0x0000000523e00000, 0x0000000523e00000, 0x0000000524000000|  0%| F|  |TAMS 0x0000000523e00000, 0x0000000523e00000| Untracked 
| 155|0x0000000524000000, 0x0000000524000000, 0x0000000524200000|  0%| F|  |TAMS 0x0000000524000000, 0x0000000524000000| Untracked 
| 156|0x0000000524200000, 0x0000000524200000, 0x0000000524400000|  0%| F|  |TAMS 0x0000000524200000, 0x0000000524200000| Untracked 
| 157|0x0000000524400000, 0x0000000524400000, 0x0000000524600000|  0%| F|  |TAMS 0x0000000524400000, 0x0000000524400000| Untracked 
| 158|0x0000000524600000, 0x0000000524600000, 0x0000000524800000|  0%| F|  |TAMS 0x0000000524600000, 0x0000000524600000| Untracked 
| 159|0x0000000524800000, 0x0000000524800000, 0x0000000524a00000|  0%| F|  |TAMS 0x0000000524800000, 0x0000000524800000| Untracked 
| 160|0x0000000524a00000, 0x0000000524a00000, 0x0000000524c00000|  0%| F|  |TAMS 0x0000000524a00000, 0x0000000524a00000| Untracked 
| 161|0x0000000524c00000, 0x0000000524c00000, 0x0000000524e00000|  0%| F|  |TAMS 0x0000000524c00000, 0x0000000524c00000| Untracked 
| 162|0x0000000524e00000, 0x0000000524e00000, 0x0000000525000000|  0%| F|  |TAMS 0x0000000524e00000, 0x0000000524e00000| Untracked 
| 163|0x0000000525000000, 0x0000000525000000, 0x0000000525200000|  0%| F|  |TAMS 0x0000000525000000, 0x0000000525000000| Untracked 
| 164|0x0000000525200000, 0x0000000525200000, 0x0000000525400000|  0%| F|  |TAMS 0x0000000525200000, 0x0000000525200000| Untracked 
| 165|0x0000000525400000, 0x0000000525400000, 0x0000000525600000|  0%| F|  |TAMS 0x0000000525400000, 0x0000000525400000| Untracked 
| 166|0x0000000525600000, 0x0000000525600000, 0x0000000525800000|  0%| F|  |TAMS 0x0000000525600000, 0x0000000525600000| Untracked 
| 167|0x0000000525800000, 0x0000000525800000, 0x0000000525a00000|  0%| F|  |TAMS 0x0000000525800000, 0x0000000525800000| Untracked 
| 168|0x0000000525a00000, 0x0000000525a00000, 0x0000000525c00000|  0%| F|  |TAMS 0x0000000525a00000, 0x0000000525a00000| Untracked 
| 169|0x0000000525c00000, 0x0000000525c00000, 0x0000000525e00000|  0%| F|  |TAMS 0x0000000525c00000, 0x0000000525c00000| Untracked 
| 170|0x0000000525e00000, 0x0000000525e00000, 0x0000000526000000|  0%| F|  |TAMS 0x0000000525e00000, 0x0000000525e00000| Untracked 
| 171|0x0000000526000000, 0x0000000526000000, 0x0000000526200000|  0%| F|  |TAMS 0x0000000526000000, 0x0000000526000000| Untracked 
| 172|0x0000000526200000, 0x0000000526200000, 0x0000000526400000|  0%| F|  |TAMS 0x0000000526200000, 0x0000000526200000| Untracked 
| 173|0x0000000526400000, 0x0000000526400000, 0x0000000526600000|  0%| F|  |TAMS 0x0000000526400000, 0x0000000526400000| Untracked 
| 174|0x0000000526600000, 0x0000000526600000, 0x0000000526800000|  0%| F|  |TAMS 0x0000000526600000, 0x0000000526600000| Untracked 
| 175|0x0000000526800000, 0x0000000526800000, 0x0000000526a00000|  0%| F|  |TAMS 0x0000000526800000, 0x0000000526800000| Untracked 
| 176|0x0000000526a00000, 0x0000000526a00000, 0x0000000526c00000|  0%| F|  |TAMS 0x0000000526a00000, 0x0000000526a00000| Untracked 
| 177|0x0000000526c00000, 0x0000000526c00000, 0x0000000526e00000|  0%| F|  |TAMS 0x0000000526c00000, 0x0000000526c00000| Untracked 
| 178|0x0000000526e00000, 0x0000000526e00000, 0x0000000527000000|  0%| F|  |TAMS 0x0000000526e00000, 0x0000000526e00000| Untracked 
| 179|0x0000000527000000, 0x0000000527000000, 0x0000000527200000|  0%| F|  |TAMS 0x0000000527000000, 0x0000000527000000| Untracked 
| 180|0x0000000527200000, 0x0000000527200000, 0x0000000527400000|  0%| F|  |TAMS 0x0000000527200000, 0x0000000527200000| Untracked 
| 181|0x0000000527400000, 0x0000000527400000, 0x0000000527600000|  0%| F|  |TAMS 0x0000000527400000, 0x0000000527400000| Untracked 
| 182|0x0000000527600000, 0x0000000527600000, 0x0000000527800000|  0%| F|  |TAMS 0x0000000527600000, 0x0000000527600000| Untracked 
| 183|0x0000000527800000, 0x0000000527800000, 0x0000000527a00000|  0%| F|  |TAMS 0x0000000527800000, 0x0000000527800000| Untracked 
| 184|0x0000000527a00000, 0x0000000527a00000, 0x0000000527c00000|  0%| F|  |TAMS 0x0000000527a00000, 0x0000000527a00000| Untracked 
| 185|0x0000000527c00000, 0x0000000527c00000, 0x0000000527e00000|  0%| F|  |TAMS 0x0000000527c00000, 0x0000000527c00000| Untracked 
| 186|0x0000000527e00000, 0x0000000527e00000, 0x0000000528000000|  0%| F|  |TAMS 0x0000000527e00000, 0x0000000527e00000| Untracked 
| 187|0x0000000528000000, 0x0000000528000000, 0x0000000528200000|  0%| F|  |TAMS 0x0000000528000000, 0x0000000528000000| Untracked 
| 188|0x0000000528200000, 0x0000000528200000, 0x0000000528400000|  0%| F|  |TAMS 0x0000000528200000, 0x0000000528200000| Untracked 
| 189|0x0000000528400000, 0x0000000528400000, 0x0000000528600000|  0%| F|  |TAMS 0x0000000528400000, 0x0000000528400000| Untracked 
| 190|0x0000000528600000, 0x0000000528600000, 0x0000000528800000|  0%| F|  |TAMS 0x0000000528600000, 0x0000000528600000| Untracked 
| 191|0x0000000528800000, 0x0000000528800000, 0x0000000528a00000|  0%| F|  |TAMS 0x0000000528800000, 0x0000000528800000| Untracked 
| 192|0x0000000528a00000, 0x0000000528a00000, 0x0000000528c00000|  0%| F|  |TAMS 0x0000000528a00000, 0x0000000528a00000| Untracked 
| 193|0x0000000528c00000, 0x0000000528c00000, 0x0000000528e00000|  0%| F|  |TAMS 0x0000000528c00000, 0x0000000528c00000| Untracked 
| 194|0x0000000528e00000, 0x0000000528e00000, 0x0000000529000000|  0%| F|  |TAMS 0x0000000528e00000, 0x0000000528e00000| Untracked 
| 195|0x0000000529000000, 0x0000000529000000, 0x0000000529200000|  0%| F|  |TAMS 0x0000000529000000, 0x0000000529000000| Untracked 
| 196|0x0000000529200000, 0x0000000529200000, 0x0000000529400000|  0%| F|  |TAMS 0x0000000529200000, 0x0000000529200000| Untracked 
| 197|0x0000000529400000, 0x0000000529400000, 0x0000000529600000|  0%| F|  |TAMS 0x0000000529400000, 0x0000000529400000| Untracked 
| 198|0x0000000529600000, 0x0000000529600000, 0x0000000529800000|  0%| F|  |TAMS 0x0000000529600000, 0x0000000529600000| Untracked 
| 199|0x0000000529800000, 0x0000000529800000, 0x0000000529a00000|  0%| F|  |TAMS 0x0000000529800000, 0x0000000529800000| Untracked 
| 200|0x0000000529a00000, 0x0000000529a00000, 0x0000000529c00000|  0%| F|  |TAMS 0x0000000529a00000, 0x0000000529a00000| Untracked 
| 201|0x0000000529c00000, 0x0000000529c00000, 0x0000000529e00000|  0%| F|  |TAMS 0x0000000529c00000, 0x0000000529c00000| Untracked 
| 202|0x0000000529e00000, 0x0000000529e00000, 0x000000052a000000|  0%| F|  |TAMS 0x0000000529e00000, 0x0000000529e00000| Untracked 
| 203|0x000000052a000000, 0x000000052a000000, 0x000000052a200000|  0%| F|  |TAMS 0x000000052a000000, 0x000000052a000000| Untracked 
| 204|0x000000052a200000, 0x000000052a200000, 0x000000052a400000|  0%| F|  |TAMS 0x000000052a200000, 0x000000052a200000| Untracked 
| 205