\BOOKMARK [1][-]{section.1}{\376\377\000C\000l\000a\000s\000s\000e\000s}{}% 1
\BOOKMARK [2][-]{subsection.1.1}{\376\377\000V\000i\000e\000w\000e\000r\000M\000a\000i\000n\000.\000j\000a\000v\000a}{section.1}% 2
\BOOKMARK [2][-]{subsection.1.2}{\376\377\000V\000i\000e\000w\000e\000r\000P\000a\000n\000e\000l\000.\000j\000a\000v\000a}{section.1}% 3
\BOOKMARK [2][-]{subsection.1.3}{\376\377\000M\000e\000s\000h\000M\000a\000n\000a\000g\000e\000r\000.\000j\000a\000v\000a}{section.1}% 4
\BOOKMARK [2][-]{subsection.1.4}{\376\377\000F\000a\000c\000e\000.\000j\000a\000v\000a}{section.1}% 5
\BOOKMARK [2][-]{subsection.1.5}{\376\377\000V\000e\000c\000t\000o\000r\000.\000j\000a\000v\000a}{section.1}% 6
\BOOKMARK [2][-]{subsection.1.6}{\376\377\000D\000i\000j\000k\000s\000t\000r\000a\000.\000j\000a\000v\000a}{section.1}% 7
\BOOKMARK [2][-]{subsection.1.7}{\376\377\000G\000r\000a\000p\000h\000.\000j\000a\000v\000a}{section.1}% 8
\BOOKMARK [2][-]{subsection.1.8}{\376\377\000P\000o\000i\000n\000t\000C\000l\000o\000u\000d\000.\000j\000a\000v\000a}{section.1}% 9
\BOOKMARK [2][-]{subsection.1.9}{\376\377\000W\000i\000r\000e\000F\000r\000a\000m\000e\000.\000j\000a\000v\000a}{section.1}% 10
\BOOKMARK [2][-]{subsection.1.10}{\376\377\000F\000i\000l\000l\000e\000d\000W\000i\000r\000e\000F\000r\000a\000m\000e\000.\000j\000a\000v\000a}{section.1}% 11
\BOOKMARK [2][-]{subsection.1.11}{\376\377\000F\000l\000a\000t\000S\000h\000a\000d\000i\000n\000g\000.\000j\000a\000v\000a}{section.1}% 12
\BOOKMARK [2][-]{subsection.1.12}{\376\377\000S\000m\000o\000o\000t\000h\000S\000h\000a\000d\000i\000n\000g\000.\000j\000a\000v\000a}{section.1}% 13
\BOOKMARK [2][-]{subsection.1.13}{\376\377\000C\000o\000l\000o\000r\000M\000a\000p\000.\000j\000a\000v\000a}{section.1}% 14
\BOOKMARK [2][-]{subsection.1.14}{\376\377\000C\000o\000l\000o\000r\000M\000a\000p\000M\000a\000n\000a\000g\000e\000r\000.\000j\000a\000v\000a}{section.1}% 15
\BOOKMARK [2][-]{subsection.1.15}{\376\377\000O\000b\000j\000R\000e\000a\000d\000e\000r\000.\000j\000a\000v\000a}{section.1}% 16
\BOOKMARK [1][-]{section.2}{\376\377\000F\000l\000a\000t\000S\000h\000a\000d\000i\000n\000g\000\040\000a\000l\000g\000o\000r\000i\000t\000h\000m}{}% 17
\BOOKMARK [1][-]{section.3}{\376\377\000S\000m\000o\000o\000t\000h\000S\000h\000a\000d\000i\000n\000g\000\040\000a\000l\000g\000o\000r\000i\000t\000h\000m}{}% 18
\BOOKMARK [1][-]{section.4}{\376\377\000G\000e\000o\000d\000e\000s\000i\000c\000\040\000D\000i\000s\000t\000a\000n\000c\000e\000\040\000a\000l\000g\000o\000r\000i\000t\000h\000m}{}% 19
\BOOKMARK [2][-]{subsection.4.1}{\376\377\000F\000o\000r\000\040\000d\000a\000t\000a\000\040\000w\000i\000t\000h\000\040\000t\000r\000i\000a\000n\000g\000l\000e\000\040\000m\000e\000s\000h\000\040\000i\000n\000f\000o\000r\000m\000a\000t\000i\000o\000n}{section.4}% 20
\BOOKMARK [2][-]{subsection.4.2}{\376\377\000F\000o\000r\000\040\000P\000o\000i\000n\000t\000C\000l\000o\000u\000d\000\040\000w\000i\000t\000h\000\040\000o\000n\000l\000y\000\040\000v\000e\000r\000t\000e\000x\000\040\000i\000n\000f\000o\000r\000m\000a\000t\000i\000o\000n}{section.4}% 21
\BOOKMARK [1][-]{section.5}{\376\377\000P\000r\000o\000b\000l\000e\000m\000s}{}% 22
\BOOKMARK [2][-]{subsection.5.1}{\376\377\000F\000o\000r\000\040\000P\000o\000i\000n\000t\000C\000l\000o\000u\000d\000\040\000w\000i\000t\000h\000\040\000o\000n\000l\000y\000\040\000v\000e\000r\000t\000e\000x\000\040\000i\000n\000f\000o\000r\000m\000a\000t\000i\000o\000n}{section.5}% 23
\BOOKMARK [2][-]{subsection.5.2}{\376\377\000M\000o\000u\000s\000e\000\040\000t\000r\000a\000n\000s\000l\000a\000t\000i\000o\000n\000\040\000p\000r\000o\000b\000l\000e\000m}{section.5}% 24
\BOOKMARK [1][-]{section.6}{\376\377\000S\000c\000r\000e\000e\000n\000s\000h\000o\000t\000s}{}% 25
